
> @trademe/user-service@1.0.0 dev
> nodemon --exec ts-node -r tsconfig-paths/register src/app.ts

[33m[nodemon] 3.1.10[39m
[33m[nodemon] to restart at any time, enter `rs`[39m
[33m[nodemon] watching path(s): *.*[39m
[33m[nodemon] watching extensions: ts,json[39m
[32m[nodemon] starting `ts-node -r tsconfig-paths/register src/app.ts`[39m
prisma:info Starting a sqlite pool with 3 connections.
2025-09-06 12:42:58:4258 [32minfo[39m: [32mDatabase connected successfully[39m
2025-09-06 12:42:58:4258 [32minfo[39m: [32mDatabase initialized successfully[39m
2025-09-06 12:42:58:4258 [32minfo[39m: [32mRedis client connected[39m
2025-09-06 12:42:58:4258 [32minfo[39m: [32mUpload directories initialized:[39m
2025-09-06 12:42:58:4258 [32minfo[39m: [32mRedis initialized successfully[39m
2025-09-06 12:42:58:4258 [31merror[39m: [31mUncaught Exception: listen EADDRINUSE: address already in use 0.0.0.0:3001[39m
Error: listen EADDRINUSE: address already in use 0.0.0.0:3001
    at Server.setupListenHandle [as _listen2] (node:net:1908:16)
    at listenInCluster (node:net:1965:12)
    at doListen (node:net:2139:7)
    at processTicksAndRejections (node:internal/process/task_queues:83:21)
[31m[nodemon] app crashed - waiting for file changes before starting...[39m
2025-09-06 18:19:50 +08:00: 2025-09-06 18:19:50:1950 [32minfo[39m: [32mRequest started[39m
2025-09-06 18:19:50 +08:00: prisma:query SELECT 1
2025-09-06 18:19:50 +08:00: prisma:query SELECT 1
2025-09-06 18:19:50 +08:00: 2025-09-06 18:19:50:1950 [32minfo[39m: [32mUpload service health check passed[39m
2025-09-06 18:19:52 +08:00: 2025-09-06 18:19:52:1952 [32minfo[39m: [32mRequest completed[39m
2025-09-06 18:35:15 +08:00: 2025-09-06 18:35:15:3515 [32minfo[39m: [32mRequest started[39m
2025-09-06 18:35:15 +08:00: 2025-09-06 18:35:15:3515 [33mwarn[39m: [33mClient error:[39m
2025-09-06 18:35:15 +08:00: 2025-09-06 18:35:15:3515 [32minfo[39m: [32mRequest completed[39m
2025-09-06 18:35:19 +08:00: 2025-09-06 18:35:19:3519 [32minfo[39m: [32mRequest started[39m
2025-09-06 18:35:19 +08:00: 2025-09-06 18:35:19:3519 [33mwarn[39m: [33mClient error:[39m
2025-09-06 18:35:19 +08:00: 2025-09-06 18:35:19:3519 [32minfo[39m: [32mRequest completed[39m
2025-09-06 18:35:26 +08:00: 2025-09-06 18:35:26:3526 [32minfo[39m: [32mRequest started[39m
2025-09-06 18:35:26 +08:00: 2025-09-06 18:35:26:3526 [33mwarn[39m: [33mClient error:[39m
2025-09-06 18:35:26 +08:00: 2025-09-06 18:35:26:3526 [32minfo[39m: [32mRequest completed[39m
2025-09-06 19:31:42 +08:00: 2025-09-06 19:31:42:3142 [32minfo[39m: [32mRequest started[39m
2025-09-06 19:31:42 +08:00: prisma:query SELECT 1
2025-09-06 19:31:42 +08:00: prisma:query SELECT 1
2025-09-06 19:31:42 +08:00: 2025-09-06 19:31:42:3142 [32minfo[39m: [32mUpload service health check passed[39m
2025-09-06 19:31:42 +08:00: 2025-09-06 19:31:42:3142 [32minfo[39m: [32mRequest completed[39m
2025-09-06 19:59:21 +08:00: 2025-09-06 19:59:21:5921 [32minfo[39m: [32mRequest started[39m
2025-09-06 19:59:21 +08:00: 2025-09-06 19:59:21:5921 [33mwarn[39m: [33mClient error:[39m
2025-09-06 19:59:21 +08:00: 2025-09-06 19:59:21:5921 [32minfo[39m: [32mRequest completed[39m
2025-09-06 19:59:26 +08:00: 2025-09-06 19:59:26:5926 [32minfo[39m: [32mRequest started[39m
2025-09-06 19:59:26 +08:00: 2025-09-06 19:59:26:5926 [33mwarn[39m: [33mClient error:[39m
2025-09-06 19:59:26 +08:00: 2025-09-06 19:59:26:5926 [32minfo[39m: [32mRequest completed[39m
2025-09-06 20:00:14 +08:00: 2025-09-06 20:00:14:014 [32minfo[39m: [32mRequest started[39m
2025-09-06 20:00:14 +08:00: 2025-09-06 20:00:14:014 [33mwarn[39m: [33mClient error:[39m
2025-09-06 20:00:14 +08:00: 2025-09-06 20:00:14:014 [32minfo[39m: [32mRequest completed[39m
2025-09-06 20:00:29 +08:00: 2025-09-06 20:00:29:029 [32minfo[39m: [32mRequest started[39m
2025-09-06 20:00:29 +08:00: prisma:query SELECT 1
2025-09-06 20:00:29 +08:00: prisma:query SELECT `main`.`users`.`id`, `main`.`users`.`username`, `main`.`users`.`email`, `main`.`users`.`password_hash`, `main`.`users`.`membership_level`, `main`.`users`.`membership_expires_at`, `main`.`users`.`is_active`, `main`.`users`.`email_verified`, `main`.`users`.`avatar_url`, `main`.`users`.`created_at` FROM `main`.`users` WHERE (`main`.`users`.`email` = ? AND 1=1) LIMIT ? OFFSET ?
2025-09-06 20:00:30 +08:00: prisma:query INSERT INTO `main`.`user_sessions` (`user_id`, `token`, `refresh_token`, `expires_at`, `ip_address`, `user_agent`, `is_active`, `created_at`) VALUES (?,?,?,?,?,?,?,?) RETURNING `id` AS `id`, `user_id` AS `user_id`, `token` AS `token`, `refresh_token` AS `refresh_token`, `expires_at` AS `expires_at`, `ip_address` AS `ip_address`, `user_agent` AS `user_agent`, `is_active` AS `is_active`, `created_at` AS `created_at`
2025-09-06 20:00:30 +08:00: 2025-09-06 20:00:30:030 [32minfo[39m: [32mUser logged in:[39m
2025-09-06 20:00:30 +08:00: 2025-09-06 20:00:30:030 [32minfo[39m: [32mRequest completed[39m
2025-09-06 20:00:30 +08:00: prisma:query UPDATE `main`.`users` SET `last_login_at` = ?, `updated_at` = ? WHERE (`main`.`users`.`id` = ? AND 1=1) RETURNING `id` AS `id`, `username` AS `username`, `email` AS `email`, `password_hash` AS `password_hash`, `google_id` AS `google_id`, `avatar_url` AS `avatar_url`, `phone` AS `phone`, `membership_level` AS `membership_level`, `membership_expires_at` AS `membership_expires_at`, `is_active` AS `is_active`, `email_verified` AS `email_verified`, `last_login_at` AS `last_login_at`, `preferences` AS `preferences`, `created_at` AS `created_at`, `updated_at` AS `updated_at`
2025-09-06 20:00:35 +08:00: 2025-09-06 20:00:35:035 [32minfo[39m: [32mRequest started[39m
2025-09-06 20:00:35 +08:00: prisma:query SELECT `main`.`users`.`id`, `main`.`users`.`username`, `main`.`users`.`email`, `main`.`users`.`password_hash`, `main`.`users`.`membership_level`, `main`.`users`.`membership_expires_at`, `main`.`users`.`is_active`, `main`.`users`.`email_verified`, `main`.`users`.`avatar_url`, `main`.`users`.`created_at` FROM `main`.`users` WHERE (`main`.`users`.`email` = ? AND 1=1) LIMIT ? OFFSET ?
2025-09-06 20:00:35 +08:00: prisma:query INSERT INTO `main`.`user_sessions` (`user_id`, `token`, `refresh_token`, `expires_at`, `ip_address`, `user_agent`, `is_active`, `created_at`) VALUES (?,?,?,?,?,?,?,?) RETURNING `id` AS `id`, `user_id` AS `user_id`, `token` AS `token`, `refresh_token` AS `refresh_token`, `expires_at` AS `expires_at`, `ip_address` AS `ip_address`, `user_agent` AS `user_agent`, `is_active` AS `is_active`, `created_at` AS `created_at`
2025-09-06 20:00:35 +08:00: prisma:query UPDATE `main`.`users` SET `last_login_at` = ?, `updated_at` = ? WHERE (`main`.`users`.`id` = ? AND 1=1) RETURNING `id` AS `id`, `username` AS `username`, `email` AS `email`, `password_hash` AS `password_hash`, `google_id` AS `google_id`, `avatar_url` AS `avatar_url`, `phone` AS `phone`, `membership_level` AS `membership_level`, `membership_expires_at` AS `membership_expires_at`, `is_active` AS `is_active`, `email_verified` AS `email_verified`, `last_login_at` AS `last_login_at`, `preferences` AS `preferences`, `created_at` AS `created_at`, `updated_at` AS `updated_at`
2025-09-06 20:00:35 +08:00: 2025-09-06 20:00:35:035 [32minfo[39m: [32mUser logged in:[39m
2025-09-06 20:00:35 +08:00: 2025-09-06 20:00:35:035 [32minfo[39m: [32mRequest completed[39m
2025-09-06 20:02:20 +08:00: 2025-09-06 20:02:20:220 [32minfo[39m: [32mRequest started[39m
2025-09-06 20:02:20 +08:00: prisma:query SELECT 1
2025-09-06 20:02:20 +08:00: prisma:query SELECT `main`.`users`.`id`, `main`.`users`.`username`, `main`.`users`.`email`, `main`.`users`.`password_hash`, `main`.`users`.`membership_level`, `main`.`users`.`membership_expires_at`, `main`.`users`.`is_active`, `main`.`users`.`email_verified`, `main`.`users`.`avatar_url`, `main`.`users`.`created_at` FROM `main`.`users` WHERE (`main`.`users`.`email` = ? AND 1=1) LIMIT ? OFFSET ?
2025-09-06 20:02:21 +08:00: prisma:query INSERT INTO `main`.`user_sessions` (`user_id`, `token`, `refresh_token`, `expires_at`, `ip_address`, `user_agent`, `is_active`, `created_at`) VALUES (?,?,?,?,?,?,?,?) RETURNING `id` AS `id`, `user_id` AS `user_id`, `token` AS `token`, `refresh_token` AS `refresh_token`, `expires_at` AS `expires_at`, `ip_address` AS `ip_address`, `user_agent` AS `user_agent`, `is_active` AS `is_active`, `created_at` AS `created_at`
2025-09-06 20:02:21 +08:00: prisma:query UPDATE `main`.`users` SET `last_login_at` = ?, `updated_at` = ? WHERE (`main`.`users`.`id` = ? AND 1=1) RETURNING `id` AS `id`, `username` AS `username`, `email` AS `email`, `password_hash` AS `password_hash`, `google_id` AS `google_id`, `avatar_url` AS `avatar_url`, `phone` AS `phone`, `membership_level` AS `membership_level`, `membership_expires_at` AS `membership_expires_at`, `is_active` AS `is_active`, `email_verified` AS `email_verified`, `last_login_at` AS `last_login_at`, `preferences` AS `preferences`, `created_at` AS `created_at`, `updated_at` AS `updated_at`
2025-09-06 20:02:21 +08:00: 2025-09-06 20:02:21:221 [32minfo[39m: [32mUser logged in:[39m
2025-09-06 20:02:21 +08:00: 2025-09-06 20:02:21:221 [32minfo[39m: [32mRequest completed[39m
2025-09-06 23:57:58 +08:00: 2025-09-06 23:57:58:5758 [32minfo[39m: [32mRequest started[39m
2025-09-06 23:57:58 +08:00: prisma:query SELECT 1
2025-09-06 23:57:58 +08:00: prisma:query SELECT `main`.`users`.`id`, `main`.`users`.`username`, `main`.`users`.`email`, `main`.`users`.`password_hash`, `main`.`users`.`membership_level`, `main`.`users`.`membership_expires_at`, `main`.`users`.`is_active`, `main`.`users`.`email_verified`, `main`.`users`.`avatar_url`, `main`.`users`.`created_at` FROM `main`.`users` WHERE (`main`.`users`.`email` = ? AND 1=1) LIMIT ? OFFSET ?
2025-09-06 23:57:58 +08:00: prisma:query INSERT INTO `main`.`user_sessions` (`user_id`, `token`, `refresh_token`, `expires_at`, `ip_address`, `user_agent`, `is_active`, `created_at`) VALUES (?,?,?,?,?,?,?,?) RETURNING `id` AS `id`, `user_id` AS `user_id`, `token` AS `token`, `refresh_token` AS `refresh_token`, `expires_at` AS `expires_at`, `ip_address` AS `ip_address`, `user_agent` AS `user_agent`, `is_active` AS `is_active`, `created_at` AS `created_at`
2025-09-06 23:57:58 +08:00: prisma:query UPDATE `main`.`users` SET `last_login_at` = ?, `updated_at` = ? WHERE (`main`.`users`.`id` = ? AND 1=1) RETURNING `id` AS `id`, `username` AS `username`, `email` AS `email`, `password_hash` AS `password_hash`, `google_id` AS `google_id`, `avatar_url` AS `avatar_url`, `phone` AS `phone`, `membership_level` AS `membership_level`, `membership_expires_at` AS `membership_expires_at`, `is_active` AS `is_active`, `email_verified` AS `email_verified`, `last_login_at` AS `last_login_at`, `preferences` AS `preferences`, `created_at` AS `created_at`, `updated_at` AS `updated_at`
2025-09-06 23:57:58 +08:00: 2025-09-06 23:57:58:5758 [32minfo[39m: [32mUser logged in:[39m
2025-09-06 23:57:58 +08:00: 2025-09-06 23:57:58:5758 [32minfo[39m: [32mRequest completed[39m
2025-09-07 00:04:23 +08:00: 2025-09-07 00:04:23:423 [32minfo[39m: [32mRequest started[39m
2025-09-07 00:04:23 +08:00: prisma:query SELECT 1
2025-09-07 00:04:23 +08:00: prisma:query SELECT `main`.`users`.`id`, `main`.`users`.`username`, `main`.`users`.`email`, `main`.`users`.`password_hash`, `main`.`users`.`membership_level`, `main`.`users`.`membership_expires_at`, `main`.`users`.`is_active`, `main`.`users`.`email_verified`, `main`.`users`.`avatar_url`, `main`.`users`.`created_at` FROM `main`.`users` WHERE (`main`.`users`.`email` = ? AND 1=1) LIMIT ? OFFSET ?
2025-09-07 00:04:23 +08:00: prisma:query INSERT INTO `main`.`user_sessions` (`user_id`, `token`, `refresh_token`, `expires_at`, `ip_address`, `user_agent`, `is_active`, `created_at`) VALUES (?,?,?,?,?,?,?,?) RETURNING `id` AS `id`, `user_id` AS `user_id`, `token` AS `token`, `refresh_token` AS `refresh_token`, `expires_at` AS `expires_at`, `ip_address` AS `ip_address`, `user_agent` AS `user_agent`, `is_active` AS `is_active`, `created_at` AS `created_at`
2025-09-07 00:04:23 +08:00: prisma:query UPDATE `main`.`users` SET `last_login_at` = ?, `updated_at` = ? WHERE (`main`.`users`.`id` = ? AND 1=1) RETURNING `id` AS `id`, `username` AS `username`, `email` AS `email`, `password_hash` AS `password_hash`, `google_id` AS `google_id`, `avatar_url` AS `avatar_url`, `phone` AS `phone`, `membership_level` AS `membership_level`, `membership_expires_at` AS `membership_expires_at`, `is_active` AS `is_active`, `email_verified` AS `email_verified`, `last_login_at` AS `last_login_at`, `preferences` AS `preferences`, `created_at` AS `created_at`, `updated_at` AS `updated_at`
2025-09-07 00:04:23 +08:00: 2025-09-07 00:04:23:423 [32minfo[39m: [32mUser logged in:[39m
2025-09-07 00:04:23 +08:00: 2025-09-07 00:04:23:423 [32minfo[39m: [32mRequest completed[39m
2025-09-07 04:52:27 +08:00: 2025-09-07 04:52:27:5227 [32minfo[39m: [32mRequest started[39m
2025-09-07 04:52:27 +08:00: 2025-09-07 04:52:27:5227 [33mwarn[39m: [33mClient error:[39m
2025-09-07 04:52:27 +08:00: 2025-09-07 04:52:27:5227 [32minfo[39m: [32mRequest completed[39m
2025-09-07 05:04:05 +08:00: 2025-09-07 05:04:05:45 [32minfo[39m: [32mRequest started[39m
2025-09-07 05:04:05 +08:00: 2025-09-07 05:04:05:45 [33mwarn[39m: [33mClient error:[39m
2025-09-07 05:04:05 +08:00: 2025-09-07 05:04:05:45 [32minfo[39m: [32mRequest completed[39m
2025-09-07 12:02:59 +08:00: 2025-09-07 12:02:59:259 [32minfo[39m: [32mRequest started[39m
2025-09-07 12:02:59 +08:00: 2025-09-07 12:02:59:259 [33mwarn[39m: [33mClient error:[39m
2025-09-07 12:02:59 +08:00: 2025-09-07 12:02:59:259 [32minfo[39m: [32mRequest completed[39m
2025-09-07 13:04:24 +08:00: 2025-09-07 13:04:24:424 [32minfo[39m: [32mRequest started[39m
2025-09-07 13:04:24 +08:00: 2025-09-07 13:04:24:424 [33mwarn[39m: [33mClient error:[39m
2025-09-07 13:04:24 +08:00: 2025-09-07 13:04:24:424 [32minfo[39m: [32mRequest completed[39m
2025-09-07 15:59:48 +08:00: 2025-09-07 15:59:48:5948 [32minfo[39m: [32mRequest started[39m
2025-09-07 15:59:48 +08:00: 2025-09-07 15:59:48:5948 [33mwarn[39m: [33mClient error:[39m
2025-09-07 15:59:48 +08:00: 2025-09-07 15:59:48:5948 [32minfo[39m: [32mRequest completed[39m
2025-09-07 16:00:46 +08:00: 2025-09-07 16:00:46:046 [32minfo[39m: [32mRequest started[39m
2025-09-07 16:00:47 +08:00: 2025-09-07 16:00:47:047 [33mwarn[39m: [33mClient error:[39m
2025-09-07 16:00:47 +08:00: 2025-09-07 16:00:47:047 [32minfo[39m: [32mRequest completed[39m
2025-09-07 16:33:45 +08:00: 2025-09-07 16:33:45:3345 [32minfo[39m: [32mRequest started[39m
2025-09-07 16:33:45 +08:00: 2025-09-07 16:33:45:3345 [33mwarn[39m: [33mClient error:[39m
2025-09-07 16:33:45 +08:00: 2025-09-07 16:33:45:3345 [32minfo[39m: [32mRequest completed[39m
2025-09-07 19:40:46 +08:00: 2025-09-07 19:40:46:4046 [32minfo[39m: [32mRequest started[39m
2025-09-07 19:40:46 +08:00: 2025-09-07 19:40:46:4046 [33mwarn[39m: [33mClient error:[39m
2025-09-07 19:40:46 +08:00: 2025-09-07 19:40:46:4046 [32minfo[39m: [32mRequest completed[39m
2025-09-07 19:40:54 +08:00: 2025-09-07 19:40:54:4054 [32minfo[39m: [32mRequest started[39m
2025-09-07 19:40:54 +08:00: 2025-09-07 19:40:54:4054 [33mwarn[39m: [33mClient error:[39m
2025-09-07 19:40:54 +08:00: 2025-09-07 19:40:54:4054 [32minfo[39m: [32mRequest completed[39m
2025-09-07 19:41:03 +08:00: 2025-09-07 19:41:03:413 [32minfo[39m: [32mRequest started[39m
2025-09-07 19:41:03 +08:00: 2025-09-07 19:41:03:413 [33mwarn[39m: [33mClient error:[39m
2025-09-07 19:41:03 +08:00: 2025-09-07 19:41:03:413 [32minfo[39m: [32mRequest completed[39m
2025-09-07 19:47:49 +08:00: 2025-09-07 19:47:49:4749 [32minfo[39m: [32mRequest started[39m
2025-09-07 19:47:49 +08:00: 2025-09-07 19:47:49:4749 [33mwarn[39m: [33mClient error:[39m
2025-09-07 19:47:49 +08:00: 2025-09-07 19:47:49:4749 [32minfo[39m: [32mRequest completed[39m
2025-09-08 12:46:24 +08:00: 2025-09-08 12:46:24:4624 [32minfo[39m: [32mRequest started[39m
2025-09-08 12:46:24 +08:00: 2025-09-08 12:46:24:4624 [33mwarn[39m: [33mClient error:[39m
2025-09-08 12:46:24 +08:00: 2025-09-08 12:46:24:4624 [32minfo[39m: [32mRequest completed[39m
2025-09-08 12:48:35 +08:00: 2025-09-08 12:48:35:4835 [32minfo[39m: [32mRequest started[39m
2025-09-08 12:48:35 +08:00: 2025-09-08 12:48:35:4835 [33mwarn[39m: [33mClient error:[39m
2025-09-08 12:48:35 +08:00: 2025-09-08 12:48:35:4835 [32minfo[39m: [32mRequest completed[39m
2025-09-08 14:39:47 +08:00: 2025-09-08 14:39:47:3947 [32minfo[39m: [32mRequest started[39m
2025-09-08 14:39:47 +08:00: prisma:query SELECT 1
2025-09-08 14:39:47 +08:00: prisma:query SELECT `main`.`users`.`id`, `main`.`users`.`username`, `main`.`users`.`email`, `main`.`users`.`password_hash`, `main`.`users`.`membership_level`, `main`.`users`.`membership_expires_at`, `main`.`users`.`is_active`, `main`.`users`.`email_verified`, `main`.`users`.`avatar_url`, `main`.`users`.`created_at` FROM `main`.`users` WHERE (`main`.`users`.`email` = ? AND 1=1) LIMIT ? OFFSET ?
2025-09-08 14:39:48 +08:00: prisma:query INSERT INTO `main`.`user_sessions` (`user_id`, `token`, `refresh_token`, `expires_at`, `ip_address`, `user_agent`, `is_active`, `created_at`) VALUES (?,?,?,?,?,?,?,?) RETURNING `id` AS `id`, `user_id` AS `user_id`, `token` AS `token`, `refresh_token` AS `refresh_token`, `expires_at` AS `expires_at`, `ip_address` AS `ip_address`, `user_agent` AS `user_agent`, `is_active` AS `is_active`, `created_at` AS `created_at`
2025-09-08 14:39:48 +08:00: prisma:query UPDATE `main`.`users` SET `last_login_at` = ?, `updated_at` = ? WHERE (`main`.`users`.`id` = ? AND 1=1) RETURNING `id` AS `id`, `username` AS `username`, `email` AS `email`, `password_hash` AS `password_hash`, `google_id` AS `google_id`, `avatar_url` AS `avatar_url`, `phone` AS `phone`, `membership_level` AS `membership_level`, `membership_expires_at` AS `membership_expires_at`, `is_active` AS `is_active`, `email_verified` AS `email_verified`, `last_login_at` AS `last_login_at`, `preferences` AS `preferences`, `created_at` AS `created_at`, `updated_at` AS `updated_at`
2025-09-08 14:39:48 +08:00: 2025-09-08 14:39:48:3948 [32minfo[39m: [32mUser logged in:[39m
2025-09-08 14:39:48 +08:00: 2025-09-08 14:39:48:3948 [32minfo[39m: [32mRequest completed[39m
2025-09-08 16:30:36 +08:00: 2025-09-08 16:30:36:3036 [32minfo[39m: [32mRequest started[39m
2025-09-08 16:30:36 +08:00: 2025-09-08 16:30:36:3036 [33mwarn[39m: [33mClient error:[39m
2025-09-08 16:30:36 +08:00: 2025-09-08 16:30:36:3036 [32minfo[39m: [32mRequest completed[39m
2025-09-08 16:30:43 +08:00: 2025-09-08 16:30:43:3043 [32minfo[39m: [32mRequest started[39m
2025-09-08 16:30:43 +08:00: 2025-09-08 16:30:43:3043 [33mwarn[39m: [33mClient error:[39m
2025-09-08 16:30:43 +08:00: 2025-09-08 16:30:43:3043 [32minfo[39m: [32mRequest completed[39m
2025-09-08 16:30:49 +08:00: 2025-09-08 16:30:49:3049 [32minfo[39m: [32mRequest started[39m
2025-09-08 16:30:49 +08:00: 2025-09-08 16:30:49:3049 [33mwarn[39m: [33mClient error:[39m
2025-09-08 16:30:49 +08:00: 2025-09-08 16:30:49:3049 [32minfo[39m: [32mRequest completed[39m
2025-09-08 17:33:58 +08:00: 2025-09-08 17:33:58:3358 [32minfo[39m: [32mRequest started[39m
2025-09-08 17:33:58 +08:00: prisma:query SELECT 1
2025-09-08 17:33:58 +08:00: prisma:query SELECT 1
2025-09-08 17:33:58 +08:00: 2025-09-08 17:33:58:3358 [32minfo[39m: [32mUpload service health check passed[39m
2025-09-08 17:33:59 +08:00: 2025-09-08 17:33:59:3359 [32minfo[39m: [32mRequest completed[39m
2025-09-08 20:20:39 +08:00: 2025-09-08 20:20:39:2039 [32minfo[39m: [32mRequest started[39m
2025-09-08 20:20:39 +08:00: 2025-09-08 20:20:39:2039 [33mwarn[39m: [33mClient error:[39m
2025-09-08 20:20:39 +08:00: 2025-09-08 20:20:39:2039 [32minfo[39m: [32mRequest completed[39m
2025-09-08 20:58:19 +08:00: 2025-09-08 20:58:19:5819 [32minfo[39m: [32mRequest started[39m
2025-09-08 20:58:19 +08:00: prisma:query SELECT 1
2025-09-08 20:58:19 +08:00: prisma:query SELECT `main`.`users`.`id`, `main`.`users`.`username`, `main`.`users`.`email`, `main`.`users`.`password_hash`, `main`.`users`.`membership_level`, `main`.`users`.`membership_expires_at`, `main`.`users`.`is_active`, `main`.`users`.`email_verified`, `main`.`users`.`avatar_url`, `main`.`users`.`created_at` FROM `main`.`users` WHERE (`main`.`users`.`email` = ? AND 1=1) LIMIT ? OFFSET ?
2025-09-08 20:58:20 +08:00: prisma:query INSERT INTO `main`.`user_sessions` (`user_id`, `token`, `refresh_token`, `expires_at`, `ip_address`, `user_agent`, `is_active`, `created_at`) VALUES (?,?,?,?,?,?,?,?) RETURNING `id` AS `id`, `user_id` AS `user_id`, `token` AS `token`, `refresh_token` AS `refresh_token`, `expires_at` AS `expires_at`, `ip_address` AS `ip_address`, `user_agent` AS `user_agent`, `is_active` AS `is_active`, `created_at` AS `created_at`
2025-09-08 20:58:20 +08:00: prisma:query UPDATE `main`.`users` SET `last_login_at` = ?, `updated_at` = ? WHERE (`main`.`users`.`id` = ? AND 1=1) RETURNING `id` AS `id`, `username` AS `username`, `email` AS `email`, `password_hash` AS `password_hash`, `google_id` AS `google_id`, `avatar_url` AS `avatar_url`, `phone` AS `phone`, `membership_level` AS `membership_level`, `membership_expires_at` AS `membership_expires_at`, `is_active` AS `is_active`, `email_verified` AS `email_verified`, `last_login_at` AS `last_login_at`, `preferences` AS `preferences`, `created_at` AS `created_at`, `updated_at` AS `updated_at`
2025-09-08 20:58:20 +08:00: 2025-09-08 20:58:20:5820 [32minfo[39m: [32mUser logged in:[39m
2025-09-08 20:58:20 +08:00: 2025-09-08 20:58:20:5820 [32minfo[39m: [32mRequest completed[39m
2025-09-09 00:07:49 +08:00: 2025-09-09 00:07:49:749 [32minfo[39m: [32mRequest started[39m
2025-09-09 00:07:49 +08:00: 2025-09-09 00:07:49:749 [33mwarn[39m: [33mClient error:[39m
2025-09-09 00:07:49 +08:00: 2025-09-09 00:07:49:749 [32minfo[39m: [32mRequest completed[39m
2025-09-09 12:02:53 +08:00: 2025-09-09 12:02:53:253 [32minfo[39m: [32mRequest started[39m
2025-09-09 12:02:53 +08:00: 2025-09-09 12:02:53:253 [33mwarn[39m: [33mClient error:[39m
2025-09-09 12:02:53 +08:00: 2025-09-09 12:02:53:253 [32minfo[39m: [32mRequest completed[39m
2025-09-09 12:04:39 +08:00: 2025-09-09 12:04:39:439 [32minfo[39m: [32mRequest started[39m
2025-09-09 12:04:39 +08:00: 2025-09-09 12:04:39:439 [33mwarn[39m: [33mClient error:[39m
2025-09-09 12:04:39 +08:00: 2025-09-09 12:04:39:439 [32minfo[39m: [32mRequest completed[39m
2025-09-09 14:56:07 +08:00: 2025-09-09 14:56:07:567 [32minfo[39m: [32mRequest started[39m
2025-09-09 14:56:07 +08:00: 2025-09-09 14:56:07:567 [33mwarn[39m: [33mClient error:[39m
2025-09-09 14:56:07 +08:00: 2025-09-09 14:56:07:567 [32minfo[39m: [32mRequest completed[39m
2025-09-09 15:00:25 +08:00: 2025-09-09 15:00:25:025 [32minfo[39m: [32mRequest started[39m
2025-09-09 15:00:25 +08:00: prisma:query SELECT 1
2025-09-09 15:00:25 +08:00: prisma:query SELECT `main`.`users`.`id`, `main`.`users`.`username`, `main`.`users`.`email`, `main`.`users`.`password_hash`, `main`.`users`.`membership_level`, `main`.`users`.`membership_expires_at`, `main`.`users`.`is_active`, `main`.`users`.`email_verified`, `main`.`users`.`avatar_url`, `main`.`users`.`created_at` FROM `main`.`users` WHERE (`main`.`users`.`email` = ? AND 1=1) LIMIT ? OFFSET ?
2025-09-09 15:00:26 +08:00: prisma:query INSERT INTO `main`.`user_sessions` (`user_id`, `token`, `refresh_token`, `expires_at`, `ip_address`, `user_agent`, `is_active`, `created_at`) VALUES (?,?,?,?,?,?,?,?) RETURNING `id` AS `id`, `user_id` AS `user_id`, `token` AS `token`, `refresh_token` AS `refresh_token`, `expires_at` AS `expires_at`, `ip_address` AS `ip_address`, `user_agent` AS `user_agent`, `is_active` AS `is_active`, `created_at` AS `created_at`
2025-09-09 15:00:26 +08:00: prisma:query UPDATE `main`.`users` SET `last_login_at` = ?, `updated_at` = ? WHERE (`main`.`users`.`id` = ? AND 1=1) RETURNING `id` AS `id`, `username` AS `username`, `email` AS `email`, `password_hash` AS `password_hash`, `google_id` AS `google_id`, `avatar_url` AS `avatar_url`, `phone` AS `phone`, `membership_level` AS `membership_level`, `membership_expires_at` AS `membership_expires_at`, `is_active` AS `is_active`, `email_verified` AS `email_verified`, `last_login_at` AS `last_login_at`, `preferences` AS `preferences`, `created_at` AS `created_at`, `updated_at` AS `updated_at`
2025-09-09 15:00:26 +08:00: 2025-09-09 15:00:26:026 [32minfo[39m: [32mUser logged in:[39m
2025-09-09 15:00:26 +08:00: 2025-09-09 15:00:26:026 [32minfo[39m: [32mRequest completed[39m
2025-09-09 15:00:26 +08:00: 2025-09-09 15:00:26:026 [32minfo[39m: [32mRequest started[39m
2025-09-09 15:00:26 +08:00: 2025-09-09 15:00:26:026 [33mwarn[39m: [33mClient error:[39m
2025-09-09 15:00:26 +08:00: 2025-09-09 15:00:26:026 [32minfo[39m: [32mRequest completed[39m
2025-09-09 15:00:33 +08:00: 2025-09-09 15:00:33:033 [32minfo[39m: [32mRequest started[39m
2025-09-09 15:00:33 +08:00: 2025-09-09 15:00:33:033 [33mwarn[39m: [33mClient error:[39m
2025-09-09 15:00:33 +08:00: 2025-09-09 15:00:33:033 [32minfo[39m: [32mRequest completed[39m
2025-09-09 15:00:33 +08:00: 2025-09-09 15:00:33:033 [32minfo[39m: [32mRequest started[39m
2025-09-09 15:00:33 +08:00: 2025-09-09 15:00:33:033 [33mwarn[39m: [33mClient error:[39m
2025-09-09 15:00:33 +08:00: 2025-09-09 15:00:33:033 [32minfo[39m: [32mRequest completed[39m
2025-09-09 15:00:34 +08:00: 2025-09-09 15:00:34:034 [32minfo[39m: [32mRequest started[39m
2025-09-09 15:00:34 +08:00: 2025-09-09 15:00:34:034 [33mwarn[39m: [33mClient error:[39m
2025-09-09 15:00:34 +08:00: 2025-09-09 15:00:34:034 [32minfo[39m: [32mRequest completed[39m
2025-09-09 16:53:39 +08:00: 2025-09-09 16:53:39:5339 [32minfo[39m: [32mRequest started[39m
2025-09-09 16:53:39 +08:00: 2025-09-09 16:53:39:5339 [33mwarn[39m: [33mClient error:[39m
2025-09-09 16:53:39 +08:00: 2025-09-09 16:53:39:5339 [32minfo[39m: [32mRequest completed[39m
2025-09-09 16:53:43 +08:00: 2025-09-09 16:53:43:5343 [32minfo[39m: [32mRequest started[39m
2025-09-09 16:53:43 +08:00: 2025-09-09 16:53:43:5343 [33mwarn[39m: [33mClient error:[39m
2025-09-09 16:53:43 +08:00: 2025-09-09 16:53:43:5343 [32minfo[39m: [32mRequest completed[39m
2025-09-09 16:53:50 +08:00: 2025-09-09 16:53:50:5350 [32minfo[39m: [32mRequest started[39m
2025-09-09 16:53:50 +08:00: 2025-09-09 16:53:50:5350 [33mwarn[39m: [33mClient error:[39m
2025-09-09 16:53:50 +08:00: 2025-09-09 16:53:50:5350 [32minfo[39m: [32mRequest completed[39m
2025-09-09 17:06:48 +08:00: 2025-09-09 17:06:48:648 [32minfo[39m: [32mRequest started[39m
2025-09-09 17:06:48 +08:00: 2025-09-09 17:06:48:648 [33mwarn[39m: [33mClient error:[39m
2025-09-09 17:06:48 +08:00: 2025-09-09 17:06:48:648 [32minfo[39m: [32mRequest completed[39m
2025-09-09 17:17:11 +08:00: 2025-09-09 17:17:11:1711 [32minfo[39m: [32mRequest started[39m
2025-09-09 17:17:11 +08:00: 2025-09-09 17:17:11:1711 [33mwarn[39m: [33mClient error:[39m
2025-09-09 17:17:11 +08:00: 2025-09-09 17:17:11:1711 [32minfo[39m: [32mRequest completed[39m
2025-09-09 17:17:11 +08:00: 2025-09-09 17:17:11:1711 [32minfo[39m: [32mRequest started[39m
2025-09-09 17:17:11 +08:00: 2025-09-09 17:17:11:1711 [33mwarn[39m: [33mClient error:[39m
2025-09-09 17:17:11 +08:00: 2025-09-09 17:17:11:1711 [32minfo[39m: [32mRequest completed[39m
2025-09-09 17:17:12 +08:00: 2025-09-09 17:17:12:1712 [32minfo[39m: [32mRequest started[39m
2025-09-09 17:17:12 +08:00: 2025-09-09 17:17:12:1712 [33mwarn[39m: [33mClient error:[39m
2025-09-09 17:17:12 +08:00: 2025-09-09 17:17:12:1712 [32minfo[39m: [32mRequest completed[39m
2025-09-10 03:30:41 +08:00: 2025-09-10 03:30:41:3041 [32minfo[39m: [32mRequest started[39m
2025-09-10 03:30:41 +08:00: 2025-09-10 03:30:41:3041 [33mwarn[39m: [33mClient error:[39m
2025-09-10 03:30:41 +08:00: 2025-09-10 03:30:41:3041 [32minfo[39m: [32mRequest completed[39m
2025-09-10 03:30:58 +08:00: 2025-09-10 03:30:58:3058 [32minfo[39m: [32mRequest started[39m
2025-09-10 03:30:58 +08:00: 2025-09-10 03:30:58:3058 [33mwarn[39m: [33mClient error:[39m
2025-09-10 03:30:58 +08:00: 2025-09-10 03:30:58:3058 [32minfo[39m: [32mRequest completed[39m
2025-09-10 07:22:46 +08:00: 2025-09-10 07:22:46:2246 [32minfo[39m: [32mRequest started[39m
2025-09-10 07:22:46 +08:00: 2025-09-10 07:22:46:2246 [33mwarn[39m: [33mClient error:[39m
2025-09-10 07:22:46 +08:00: 2025-09-10 07:22:46:2246 [32minfo[39m: [32mRequest completed[39m
2025-09-10 07:32:44 +08:00: 2025-09-10 07:32:44:3244 [32minfo[39m: [32mRequest started[39m
2025-09-10 07:32:44 +08:00: 2025-09-10 07:32:44:3244 [33mwarn[39m: [33mClient error:[39m
2025-09-10 07:32:44 +08:00: 2025-09-10 07:32:44:3244 [32minfo[39m: [32mRequest completed[39m
2025-09-10 15:04:35 +08:00: 2025-09-10 15:04:35:435 [32minfo[39m: [32mRequest started[39m
2025-09-10 15:04:36 +08:00: prisma:query SELECT 1
2025-09-10 15:04:36 +08:00: prisma:query SELECT `main`.`users`.`id`, `main`.`users`.`username`, `main`.`users`.`email`, `main`.`users`.`password_hash`, `main`.`users`.`membership_level`, `main`.`users`.`membership_expires_at`, `main`.`users`.`is_active`, `main`.`users`.`email_verified`, `main`.`users`.`avatar_url`, `main`.`users`.`created_at` FROM `main`.`users` WHERE (`main`.`users`.`email` = ? AND 1=1) LIMIT ? OFFSET ?
2025-09-10 15:04:36 +08:00: prisma:query INSERT INTO `main`.`user_sessions` (`user_id`, `token`, `refresh_token`, `expires_at`, `ip_address`, `user_agent`, `is_active`, `created_at`) VALUES (?,?,?,?,?,?,?,?) RETURNING `id` AS `id`, `user_id` AS `user_id`, `token` AS `token`, `refresh_token` AS `refresh_token`, `expires_at` AS `expires_at`, `ip_address` AS `ip_address`, `user_agent` AS `user_agent`, `is_active` AS `is_active`, `created_at` AS `created_at`
2025-09-10 15:04:36 +08:00: prisma:query UPDATE `main`.`users` SET `last_login_at` = ?, `updated_at` = ? WHERE (`main`.`users`.`id` = ? AND 1=1) RETURNING `id` AS `id`, `username` AS `username`, `email` AS `email`, `password_hash` AS `password_hash`, `google_id` AS `google_id`, `avatar_url` AS `avatar_url`, `phone` AS `phone`, `membership_level` AS `membership_level`, `membership_expires_at` AS `membership_expires_at`, `is_active` AS `is_active`, `email_verified` AS `email_verified`, `last_login_at` AS `last_login_at`, `preferences` AS `preferences`, `created_at` AS `created_at`, `updated_at` AS `updated_at`
2025-09-10 15:04:36 +08:00: 2025-09-10 15:04:36:436 [32minfo[39m: [32mUser logged in:[39m
2025-09-10 15:04:36 +08:00: 2025-09-10 15:04:36:436 [32minfo[39m: [32mRequest completed[39m
2025-09-10 18:12:50 +08:00: 2025-09-10 18:12:50:1250 [32minfo[39m: [32mRequest started[39m
2025-09-10 18:12:50 +08:00: 2025-09-10 18:12:50:1250 [33mwarn[39m: [33mClient error:[39m
2025-09-10 18:12:50 +08:00: 2025-09-10 18:12:50:1250 [32minfo[39m: [32mRequest completed[39m
2025-09-10 18:49:10 +08:00: 2025-09-10 18:49:10:4910 [32minfo[39m: [32mRequest started[39m
2025-09-10 18:49:10 +08:00: 2025-09-10 18:49:10:4910 [33mwarn[39m: [33mClient error:[39m
2025-09-10 18:49:10 +08:00: 2025-09-10 18:49:10:4910 [32minfo[39m: [32mRequest completed[39m
2025-09-10 18:49:14 +08:00: 2025-09-10 18:49:14:4914 [32minfo[39m: [32mRequest started[39m
2025-09-10 18:49:14 +08:00: 2025-09-10 18:49:14:4914 [33mwarn[39m: [33mClient error:[39m
2025-09-10 18:49:14 +08:00: 2025-09-10 18:49:14:4914 [32minfo[39m: [32mRequest completed[39m
2025-09-10 18:49:22 +08:00: 2025-09-10 18:49:22:4922 [32minfo[39m: [32mRequest started[39m
2025-09-10 18:49:22 +08:00: 2025-09-10 18:49:22:4922 [33mwarn[39m: [33mClient error:[39m
2025-09-10 18:49:22 +08:00: 2025-09-10 18:49:22:4922 [32minfo[39m: [32mRequest completed[39m
